CRITICAL - 2023-06-14 22:07:54 --> syntax error, unexpected 'halaman' (T_STRING), expecting ']'
#0 C:\xampp\htdocs\lab14ci\ci4\system\Autoloader\Autoloader.php(241): CodeIgniter\Autoloader\Autoloader->includeFile()
#1 C:\xampp\htdocs\lab14ci\ci4\system\Autoloader\Autoloader.php(219): CodeIgniter\Autoloader\Autoloader->loadInNamespace()
#2 [internal function]: CodeIgniter\Autoloader\Autoloader->loadClass()
#3 [internal function]: spl_autoload_call()
#4 C:\xampp\htdocs\lab14ci\ci4\system\CodeIgniter.php(797): class_exists()
#5 C:\xampp\htdocs\lab14ci\ci4\system\CodeIgniter.php(406): CodeIgniter\CodeIgniter->startController()
#6 C:\xampp\htdocs\lab14ci\ci4\system\CodeIgniter.php(326): CodeIgniter\CodeIgniter->handleRequest()
#7 C:\xampp\htdocs\lab14ci\ci4\public\index.php(37): CodeIgniter\CodeIgniter->run()
#8 C:\xampp\htdocs\lab14ci\ci4\system\Commands\Server\rewrite.php(43): require_once('C:\\xampp\\htdocs...')
#9 {main}
CRITICAL - 2023-06-14 22:08:17 --> syntax error, unexpected 'halaman' (T_STRING), expecting ']'
#0 C:\xampp\htdocs\lab14ci\ci4\system\Autoloader\Autoloader.php(241): CodeIgniter\Autoloader\Autoloader->includeFile()
#1 C:\xampp\htdocs\lab14ci\ci4\system\Autoloader\Autoloader.php(219): CodeIgniter\Autoloader\Autoloader->loadInNamespace()
#2 [internal function]: CodeIgniter\Autoloader\Autoloader->loadClass()
#3 [internal function]: spl_autoload_call()
#4 C:\xampp\htdocs\lab14ci\ci4\system\CodeIgniter.php(797): class_exists()
#5 C:\xampp\htdocs\lab14ci\ci4\system\CodeIgniter.php(406): CodeIgniter\CodeIgniter->startController()
#6 C:\xampp\htdocs\lab14ci\ci4\system\CodeIgniter.php(326): CodeIgniter\CodeIgniter->handleRequest()
#7 C:\xampp\htdocs\lab14ci\ci4\public\index.php(37): CodeIgniter\CodeIgniter->run()
#8 C:\xampp\htdocs\lab14ci\ci4\system\Commands\Server\rewrite.php(43): require_once('C:\\xampp\\htdocs...')
#9 {main}
